2021-05-10 12:43:42,286 [INFO] Activator:170 - 


2021-05-10 12:43:42,286 [INFO] Activator:171 - !SESSION log4j initialized
2021-05-10 12:45:39,651 [INFO] Activator:170 - 


2021-05-10 12:45:39,651 [INFO] Activator:171 - !SESSION log4j initialized
2021-05-10 12:46:17,945 [INFO] McuFinderGlobals:40 - Set McuFinder mode to 2 (CubeIDE integrated)
2021-05-10 12:46:19,041 [INFO] ApplicationProperties:181 - Using Application install path: C:\ST\STM32CubeIDE_1.0.2\STM32CubeIDE\plugins\com.st.stm32cube.common.mx_6.1.1.202012091304
2021-05-10 12:46:19,103 [INFO] DbMcusXml:71 - Set database path to: C:\ST\STM32CubeIDE_1.0.2\STM32CubeIDE\plugins\com.st.stm32cube.common.mx_6.1.1.202012091304\\db\/mcu/
2021-05-10 12:46:19,119 [INFO] DbBoardsPdsc:57 - Set plugin database path to: C:\ST\STM32CubeIDE_1.0.2\STM32CubeIDE\plugins\com.st.stm32cube.common.mx_6.1.1.202012091304\\db\/plugins/boardmanager/
2021-05-10 12:46:19,119 [INFO] DbMcus:259 - Set plugin images path to: C:\ST\STM32CubeIDE_1.0.2\STM32CubeIDE\plugins\com.st.stm32cube.common.mx_6.1.1.202012091304\\db\/plugins/mcufinder/images/
2021-05-10 12:46:19,119 [INFO] DbBoards:265 - Set plugin images path to: C:\ST\STM32CubeIDE_1.0.2\STM32CubeIDE\plugins\com.st.stm32cube.common.mx_6.1.1.202012091304\\db\/plugins/mcufinder/images/
2021-05-10 12:46:19,138 [INFO] DbExamples:329 - Set plugin images path to: C:\ST\STM32CubeIDE_1.0.2\STM32CubeIDE\plugins\com.st.stm32cube.common.mx_6.1.1.202012091304\\db\/plugins/mcufinder/images/
2021-05-10 12:46:19,197 [INFO] DbMcusDocs:112 - Set database path to: C:\Users\Israel\.stmcufinder\plugins\mcufinder//mcu/
2021-05-10 12:46:19,213 [INFO] DbMcusJson:63 - Set database path to: C:\Users\Israel\.stmcufinder\plugins\mcufinder//mcu/
2021-05-10 12:46:19,213 [INFO] DbBoardsDocs:112 - Set database path to: C:\Users\Israel\.stmcufinder\plugins\mcufinder//mcu/
2021-05-10 12:46:19,213 [INFO] DbBoardsJson:56 - Set database path to: C:\Users\Israel\.stmcufinder\plugins\mcufinder//mcu/
2021-05-10 12:46:19,228 [INFO] CrossReferenceDbSqlite:196 - Set database path to: C:\Users\Israel\.stmcufinder\plugins\mcufinder//mcu/cs/
2021-05-10 12:46:19,259 [INFO] DbExamplesSqlite:699 - Set database path to: C:\Users\Israel\.stmcufinder\plugins\mcufinder//mcu/
2021-05-10 12:46:19,931 [INFO] RulesReader:52 - Compatibility file has been processed (228 Rules)
2021-05-10 12:46:20,452 [INFO] MicroXplorer:565 - Detected Java Version = 1.8.0_202
2021-05-10 12:46:20,453 [INFO] DbMcusXml:71 - Set database path to: C:\ST\STM32CubeIDE_1.0.2\STM32CubeIDE\plugins\com.st.stm32cube.common.mx_6.1.1.202012091304\\db\/mcu/
2021-05-10 12:46:20,458 [INFO] DbBoardsPdsc:57 - Set plugin database path to: C:\ST\STM32CubeIDE_1.0.2\STM32CubeIDE\plugins\com.st.stm32cube.common.mx_6.1.1.202012091304\\db\/plugins/boardmanager/
2021-05-10 12:46:20,459 [INFO] DbMcus:259 - Set plugin images path to: C:\ST\STM32CubeIDE_1.0.2\STM32CubeIDE\plugins\com.st.stm32cube.common.mx_6.1.1.202012091304\\db\/plugins/mcufinder/images/
2021-05-10 12:46:20,459 [INFO] DbBoards:265 - Set plugin images path to: C:\ST\STM32CubeIDE_1.0.2\STM32CubeIDE\plugins\com.st.stm32cube.common.mx_6.1.1.202012091304\\db\/plugins/mcufinder/images/
2021-05-10 12:46:20,460 [INFO] DbExamples:329 - Set plugin images path to: C:\ST\STM32CubeIDE_1.0.2\STM32CubeIDE\plugins\com.st.stm32cube.common.mx_6.1.1.202012091304\\db\/plugins/mcufinder/images/
2021-05-10 12:46:20,461 [WARN] DbFile:36 - Overriding database path with different value: C:\Users\Israel\.stmcufinder\plugins\mcufinder/ => C:\Users\Israel\.stmcufinder\plugins\mcufinder
2021-05-10 12:46:20,461 [INFO] DbMcusDocs:112 - Set database path to: C:\Users\Israel\.stmcufinder\plugins\mcufinder//mcu/
2021-05-10 12:46:20,461 [WARN] DbFile:36 - Overriding database path with different value: C:\Users\Israel\.stmcufinder\plugins\mcufinder/ => C:\Users\Israel\.stmcufinder\plugins\mcufinder
2021-05-10 12:46:20,462 [INFO] DbMcusJson:63 - Set database path to: C:\Users\Israel\.stmcufinder\plugins\mcufinder//mcu/
2021-05-10 12:46:20,463 [WARN] DbFile:36 - Overriding database path with different value: C:\Users\Israel\.stmcufinder\plugins\mcufinder/ => C:\Users\Israel\.stmcufinder\plugins\mcufinder
2021-05-10 12:46:20,464 [INFO] DbBoardsDocs:112 - Set database path to: C:\Users\Israel\.stmcufinder\plugins\mcufinder//mcu/
2021-05-10 12:46:20,464 [WARN] DbFile:36 - Overriding database path with different value: C:\Users\Israel\.stmcufinder\plugins\mcufinder/ => C:\Users\Israel\.stmcufinder\plugins\mcufinder
2021-05-10 12:46:20,465 [INFO] DbBoardsJson:56 - Set database path to: C:\Users\Israel\.stmcufinder\plugins\mcufinder//mcu/
2021-05-10 12:46:20,465 [WARN] DbFile:36 - Overriding database path with different value: C:\Users\Israel\.stmcufinder\plugins\mcufinder/ => C:\Users\Israel\.stmcufinder\plugins\mcufinder
2021-05-10 12:46:20,466 [WARN] DbFile:36 - Overriding database path with different value: C:\Users\Israel\.stmcufinder\plugins\mcufinder/ => C:\Users\Israel\.stmcufinder\plugins\mcufinder
2021-05-10 12:46:20,467 [INFO] CrossReferenceDbSqlite:196 - Set database path to: C:\Users\Israel\.stmcufinder\plugins\mcufinder//mcu/cs/
2021-05-10 12:46:20,468 [WARN] DbFile:36 - Overriding database path with different value: C:\Users\Israel\.stmcufinder\plugins\mcufinder/ => C:\Users\Israel\.stmcufinder\plugins\mcufinder
2021-05-10 12:46:20,469 [INFO] DbExamplesSqlite:699 - Set database path to: C:\Users\Israel\.stmcufinder\plugins\mcufinder//mcu/
2021-05-10 12:46:20,765 [INFO] MainPanel:190 - HeapMemory: 268435456
2021-05-10 12:46:21,184 [INFO] DbMcusXml:71 - Set database path to: C:\ST\STM32CubeIDE_1.0.2\STM32CubeIDE\plugins\com.st.stm32cube.common.mx_6.1.1.202012091304\\db\/mcu/
2021-05-10 12:46:21,185 [INFO] DbBoardsPdsc:57 - Set plugin database path to: C:\ST\STM32CubeIDE_1.0.2\STM32CubeIDE\plugins\com.st.stm32cube.common.mx_6.1.1.202012091304\\db\/plugins/boardmanager/
2021-05-10 12:46:21,186 [INFO] DbMcus:259 - Set plugin images path to: C:\ST\STM32CubeIDE_1.0.2\STM32CubeIDE\plugins\com.st.stm32cube.common.mx_6.1.1.202012091304\\db\/plugins/mcufinder/images/
2021-05-10 12:46:21,186 [INFO] DbBoards:265 - Set plugin images path to: C:\ST\STM32CubeIDE_1.0.2\STM32CubeIDE\plugins\com.st.stm32cube.common.mx_6.1.1.202012091304\\db\/plugins/mcufinder/images/
2021-05-10 12:46:21,187 [INFO] DbExamples:329 - Set plugin images path to: C:\ST\STM32CubeIDE_1.0.2\STM32CubeIDE\plugins\com.st.stm32cube.common.mx_6.1.1.202012091304\\db\/plugins/mcufinder/images/
2021-05-10 12:46:21,189 [WARN] DbFile:36 - Overriding database path with different value: C:\Users\Israel\.stmcufinder\plugins\mcufinder/ => C:\Users\Israel\.stmcufinder\plugins\mcufinder
2021-05-10 12:46:21,190 [INFO] DbMcusDocs:112 - Set database path to: C:\Users\Israel\.stmcufinder\plugins\mcufinder//mcu/
2021-05-10 12:46:21,191 [WARN] DbFile:36 - Overriding database path with different value: C:\Users\Israel\.stmcufinder\plugins\mcufinder/ => C:\Users\Israel\.stmcufinder\plugins\mcufinder
2021-05-10 12:46:21,191 [INFO] DbMcusJson:63 - Set database path to: C:\Users\Israel\.stmcufinder\plugins\mcufinder//mcu/
2021-05-10 12:46:21,192 [WARN] DbFile:36 - Overriding database path with different value: C:\Users\Israel\.stmcufinder\plugins\mcufinder/ => C:\Users\Israel\.stmcufinder\plugins\mcufinder
2021-05-10 12:46:21,197 [INFO] DbBoardsDocs:112 - Set database path to: C:\Users\Israel\.stmcufinder\plugins\mcufinder//mcu/
2021-05-10 12:46:21,201 [WARN] DbFile:36 - Overriding database path with different value: C:\Users\Israel\.stmcufinder\plugins\mcufinder/ => C:\Users\Israel\.stmcufinder\plugins\mcufinder
2021-05-10 12:46:21,201 [INFO] DbBoardsJson:56 - Set database path to: C:\Users\Israel\.stmcufinder\plugins\mcufinder//mcu/
2021-05-10 12:46:21,202 [WARN] DbFile:36 - Overriding database path with different value: C:\Users\Israel\.stmcufinder\plugins\mcufinder/ => C:\Users\Israel\.stmcufinder\plugins\mcufinder
2021-05-10 12:46:21,202 [WARN] DbFile:36 - Overriding database path with different value: C:\Users\Israel\.stmcufinder\plugins\mcufinder/ => C:\Users\Israel\.stmcufinder\plugins\mcufinder
2021-05-10 12:46:21,203 [INFO] CrossReferenceDbSqlite:196 - Set database path to: C:\Users\Israel\.stmcufinder\plugins\mcufinder//mcu/cs/
2021-05-10 12:46:21,204 [WARN] DbFile:36 - Overriding database path with different value: C:\Users\Israel\.stmcufinder\plugins\mcufinder/ => C:\Users\Israel\.stmcufinder\plugins\mcufinder
2021-05-10 12:46:21,205 [INFO] DbExamplesSqlite:699 - Set database path to: C:\Users\Israel\.stmcufinder\plugins\mcufinder//mcu/
2021-05-10 12:46:21,280 [INFO] ApplicationProperties:181 - Using Application install path: C:\ST\STM32CubeIDE_1.0.2\STM32CubeIDE\plugins\com.st.stm32cube.common.mx_6.1.1.202012091304
2021-05-10 12:46:21,287 [INFO] PluginManage:178 - Search for loadable plugins [exclusion list=, ]
2021-05-10 12:46:21,293 [INFO] PluginManage:292 - Check plugin analytics
2021-05-10 12:46:22,062 [INFO] AnalyticsPlugin:225 - Accepted Software Licenses: Error : could not load the licence version !,STM32CubeMX.5.4.0
2021-05-10 12:46:22,063 [INFO] AnalyticsPlugin:227 - Accepted CMSIS Pack Licenses: STMicroelectronics.X-CUBE-BLE1.4.4.0,STMicroelectronics.X-CUBE-BLE1.4.2.0,STMicroelectronics.X-CUBE-AI.4.1.0,STMicroelectronics.X-CUBE-AI.4.0.0
2021-05-10 12:46:22,064 [INFO] AnalyticsPlugin:229 - Accepted Firmware Licenses: 
2021-05-10 12:46:22,065 [INFO] PluginManage:342 - Loaded plugin analytics (category:tool,tabindex:-1)
2021-05-10 12:46:22,066 [INFO] PluginManage:292 - Check plugin clock
2021-05-10 12:46:22,383 [INFO] PluginManage:342 - Loaded plugin clock (category:base,tabindex:2)
2021-05-10 12:46:22,384 [INFO] PluginManage:292 - Check plugin ddr
2021-05-10 12:46:22,391 [INFO] PluginManage:342 - Loaded plugin ddr (category:tool,tabindex:6)
2021-05-10 12:46:22,392 [INFO] PluginManage:292 - Check plugin filemanager
2021-05-10 12:46:23,071 [INFO] PluginManage:342 - Loaded plugin filemanager (category:base,tabindex:10)
2021-05-10 12:46:23,071 [INFO] PluginManage:292 - Check plugin ipmanager
2021-05-10 12:46:23,165 [INFO] PluginManage:342 - Loaded plugin ipmanager (category:base,tabindex:5)
2021-05-10 12:46:23,165 [INFO] PluginManage:292 - Check plugin pinoutandconfiguration
2021-05-10 12:46:23,292 [INFO] PluginManage:342 - Loaded plugin pinoutandconfiguration (category:base,tabindex:1)
2021-05-10 12:46:23,293 [INFO] PluginManage:292 - Check plugin pinoutconfig
2021-05-10 12:46:23,757 [INFO] PluginManage:342 - Loaded plugin pinoutconfig (category:base,tabindex:0)
2021-05-10 12:46:23,757 [INFO] PluginManage:292 - Check plugin power
2021-05-10 12:46:24,244 [INFO] PluginManage:342 - Loaded plugin power (category:power,tabindex:4)
2021-05-10 12:46:24,244 [INFO] PluginManage:292 - Check plugin projectmanager
2021-05-10 12:46:24,354 [INFO] PluginManage:342 - Loaded plugin projectmanager (category:projectmanager,tabindex:3)
2021-05-10 12:46:24,354 [INFO] PluginManage:292 - Check plugin thirdparty
2021-05-10 12:46:25,560 [INFO] PluginManage:342 - Loaded plugin thirdparty (category:base,tabindex:-1)
2021-05-10 12:46:25,561 [INFO] PluginManage:292 - Check plugin tools
2021-05-10 12:46:25,603 [WARN] IntegrityCheckThread:59 - waiting for thirdparty lock release [integrity check]
2021-05-10 12:46:25,648 [INFO] IntegrityCheckThread:61 - entering critical section [integrity check]
2021-05-10 12:46:25,655 [INFO] ThirdPartyUpdaterWithRetryManager:56 - Updater plugin not ready yet. [1/15]
2021-05-10 12:46:25,660 [INFO] PluginManage:342 - Loaded plugin tools (category:base,tabindex:7)
2021-05-10 12:46:25,664 [INFO] PluginManage:292 - Check plugin tutovideos
2021-05-10 12:46:26,812 [INFO] PluginManage:342 - Loaded plugin tutovideos (category:base,tabindex:-1)
2021-05-10 12:46:26,812 [INFO] PluginManage:292 - Check plugin updater
2021-05-10 12:46:26,874 [INFO] PluginManage:342 - Loaded plugin updater (category:base,tabindex:12)
2021-05-10 12:46:26,874 [INFO] PluginManage:265 - PluginManage : Loaded plugins [13]
2021-05-10 12:46:27,634 [INFO] PinOutPanel:1434 - setPackage(No Configuration,No Configuration)
2021-05-10 12:46:27,986 [INFO] IPUIPlugin:64 - create IPUIPlugin
2021-05-10 12:46:27,986 [INFO] PluginManager:203 - loadIPPluginJar : add adc
2021-05-10 12:46:28,017 [INFO] IPUIPlugin:64 - create IPUIPlugin
2021-05-10 12:46:28,017 [INFO] PluginManager:203 - loadIPPluginJar : add aes
2021-05-10 12:46:28,033 [INFO] IPUIPlugin:64 - create IPUIPlugin
2021-05-10 12:46:28,033 [INFO] PluginManager:203 - loadIPPluginJar : add can
2021-05-10 12:46:28,049 [INFO] IPUIPlugin:64 - create IPUIPlugin
2021-05-10 12:46:28,049 [INFO] PluginManager:203 - loadIPPluginJar : add comp
2021-05-10 12:46:28,080 [INFO] IPUIPlugin:64 - create IPUIPlugin
2021-05-10 12:46:28,080 [INFO] PluginManager:203 - loadIPPluginJar : add cryp
2021-05-10 12:46:28,096 [INFO] IPUIPlugin:64 - create IPUIPlugin
2021-05-10 12:46:28,096 [INFO] PluginManager:203 - loadIPPluginJar : add dfsdm
2021-05-10 12:46:28,127 [INFO] IPUIPlugin:64 - create IPUIPlugin
2021-05-10 12:46:28,127 [INFO] PluginManager:203 - loadIPPluginJar : add dma
2021-05-10 12:46:28,142 [INFO] IPUIPlugin:64 - create IPUIPlugin
2021-05-10 12:46:28,142 [INFO] PluginManager:203 - loadIPPluginJar : add fatfs
2021-05-10 12:46:28,174 [INFO] IPUIPlugin:64 - create IPUIPlugin
2021-05-10 12:46:28,174 [INFO] PluginManager:203 - loadIPPluginJar : add fmc
2021-05-10 12:46:28,221 [INFO] IPUIPlugin:64 - create IPUIPlugin
2021-05-10 12:46:28,221 [INFO] PluginManager:203 - loadIPPluginJar : add freertos
2021-05-10 12:46:28,283 [INFO] IPUIPlugin:64 - create IPUIPlugin
2021-05-10 12:46:28,283 [INFO] PluginManager:203 - loadIPPluginJar : add genericplugin
2021-05-10 12:46:28,346 [INFO] IPUIPlugin:64 - create IPUIPlugin
2021-05-10 12:46:28,346 [INFO] PluginManager:203 - loadIPPluginJar : add gfxmmu
2021-05-10 12:46:28,565 [INFO] IPUIPlugin:64 - create IPUIPlugin
2021-05-10 12:46:28,565 [INFO] PluginManager:203 - loadIPPluginJar : add gic
2021-05-10 12:46:28,596 [INFO] IPUIPlugin:64 - create IPUIPlugin
2021-05-10 12:46:28,596 [INFO] PluginManager:203 - loadIPPluginJar : add gpio
2021-05-10 12:46:28,627 [INFO] IPUIPlugin:64 - create IPUIPlugin
2021-05-10 12:46:28,627 [INFO] PluginManager:203 - loadIPPluginJar : add gtzc
2021-05-10 12:46:28,627 [INFO] IPUIPlugin:64 - create IPUIPlugin
2021-05-10 12:46:28,627 [INFO] PluginManager:203 - loadIPPluginJar : add hash
2021-05-10 12:46:28,658 [INFO] ThirdPartyUpdaterWithRetryManager:56 - Updater plugin not ready yet. [2/15]
2021-05-10 12:46:28,658 [INFO] IPUIPlugin:64 - create IPUIPlugin
2021-05-10 12:46:28,658 [INFO] PluginManager:203 - loadIPPluginJar : add i2c
2021-05-10 12:46:28,674 [INFO] IPUIPlugin:64 - create IPUIPlugin
2021-05-10 12:46:28,674 [INFO] PluginManager:203 - loadIPPluginJar : add i2s
2021-05-10 12:46:28,705 [INFO] IPUIPlugin:64 - create IPUIPlugin
2021-05-10 12:46:28,705 [INFO] PluginManager:203 - loadIPPluginJar : add ipddr
2021-05-10 12:46:28,721 [INFO] IPUIPlugin:64 - create IPUIPlugin
2021-05-10 12:46:28,721 [INFO] PluginManager:203 - loadIPPluginJar : add lorawan
2021-05-10 12:46:28,736 [INFO] IPUIPlugin:64 - create IPUIPlugin
2021-05-10 12:46:28,736 [INFO] PluginManager:203 - loadIPPluginJar : add ltdc
2021-05-10 12:46:28,768 [INFO] IPUIPlugin:64 - create IPUIPlugin
2021-05-10 12:46:28,768 [INFO] PluginManager:203 - loadIPPluginJar : add mdma
2021-05-10 12:46:28,799 [INFO] IPUIPlugin:64 - create IPUIPlugin
2021-05-10 12:46:28,799 [INFO] PluginManager:203 - loadIPPluginJar : add nvic
2021-05-10 12:46:28,814 [INFO] IPUIPlugin:64 - create IPUIPlugin
2021-05-10 12:46:28,814 [INFO] PluginManager:203 - loadIPPluginJar : add opamp
2021-05-10 12:46:28,830 [INFO] IPUIPlugin:64 - create IPUIPlugin
2021-05-10 12:46:28,846 [INFO] PluginManager:203 - loadIPPluginJar : add openamp
2021-05-10 12:46:28,861 [INFO] IPUIPlugin:64 - create IPUIPlugin
2021-05-10 12:46:28,861 [INFO] PluginManager:203 - loadIPPluginJar : add pdm2pcm
2021-05-10 12:46:28,908 [INFO] IPUIPlugin:64 - create IPUIPlugin
2021-05-10 12:46:28,924 [INFO] PluginManager:203 - loadIPPluginJar : add plateformsettings
2021-05-10 12:46:28,924 [INFO] IPUIPlugin:64 - create IPUIPlugin
2021-05-10 12:46:28,924 [INFO] PluginManager:203 - loadIPPluginJar : add quadspi
2021-05-10 12:46:28,989 [INFO] IPUIPlugin:64 - create IPUIPlugin
2021-05-10 12:46:28,989 [INFO] PluginManager:203 - loadIPPluginJar : add resmgrutility
2021-05-10 12:46:29,021 [INFO] IPUIPlugin:64 - create IPUIPlugin
2021-05-10 12:46:29,021 [INFO] PluginManager:203 - loadIPPluginJar : add sai
2021-05-10 12:46:29,036 [INFO] IPUIPlugin:64 - create IPUIPlugin
2021-05-10 12:46:29,036 [INFO] PluginManager:203 - loadIPPluginJar : add spi
2021-05-10 12:46:29,068 [INFO] IPUIPlugin:64 - create IPUIPlugin
2021-05-10 12:46:29,068 [INFO] PluginManager:203 - loadIPPluginJar : add stm32_wpan
2021-05-10 12:46:29,083 [INFO] IPUIPlugin:64 - create IPUIPlugin
2021-05-10 12:46:29,083 [INFO] PluginManager:203 - loadIPPluginJar : add tim
2021-05-10 12:46:29,099 [INFO] IPUIPlugin:64 - create IPUIPlugin
2021-05-10 12:46:29,099 [INFO] PluginManager:203 - loadIPPluginJar : add touchsensing
2021-05-10 12:46:29,115 [INFO] IPUIPlugin:64 - create IPUIPlugin
2021-05-10 12:46:29,130 [INFO] PluginManager:203 - loadIPPluginJar : add tracer_emb
2021-05-10 12:46:29,146 [INFO] IPUIPlugin:64 - create IPUIPlugin
2021-05-10 12:46:29,146 [INFO] PluginManager:203 - loadIPPluginJar : add ts
2021-05-10 12:46:29,161 [INFO] IPUIPlugin:64 - create IPUIPlugin
2021-05-10 12:46:29,161 [INFO] PluginManager:203 - loadIPPluginJar : add tsc
2021-05-10 12:46:29,177 [INFO] IPUIPlugin:64 - create IPUIPlugin
2021-05-10 12:46:29,177 [INFO] PluginManager:203 - loadIPPluginJar : add ucpd
2021-05-10 12:46:29,193 [INFO] IPUIPlugin:64 - create IPUIPlugin
2021-05-10 12:46:29,193 [INFO] PluginManager:203 - loadIPPluginJar : add usart
2021-05-10 12:46:30,082 [FATAL] Updater:284 - Updater called before beeing initialized
2021-05-10 12:46:30,732 [FATAL] Updater:284 - Updater called before beeing initialized
2021-05-10 12:46:30,981 [WARN] DetailPanel:347 - Failed to get advertising image, set to default
2021-05-10 12:46:31,012 [FATAL] Updater:284 - Updater called before beeing initialized
2021-05-10 12:46:31,012 [WARN] DetailPanel:347 - Failed to get advertising image, set to default
2021-05-10 12:46:31,262 [FATAL] Updater:284 - Updater called before beeing initialized
2021-05-10 12:46:31,262 [WARN] ThirdParty:783 - waiting for thirdparty lock release [close project]
2021-05-10 12:46:31,669 [INFO] ThirdPartyUpdaterWithRetryManager:56 - Updater plugin not ready yet. [3/15]
2021-05-10 12:46:34,684 [FATAL] Updater:284 - Updater called before beeing initialized
2021-05-10 12:46:34,684 [ERROR] AbstractThirdPartyUpdaterManager:153 - java.lang.Integer cannot be cast to java.util.List
2021-05-10 12:46:34,684 [INFO] ThirdParty:887 - Integrity check success = false
2021-05-10 12:46:34,684 [INFO] IntegrityCheckThread:75 - exiting critical section [integrity check]
2021-05-10 12:46:34,684 [INFO] IntegrityCheckThread:78 - End integrity checks thread
2021-05-10 12:46:34,684 [INFO] ThirdParty:785 - entering critical section [close project]
2021-05-10 12:46:34,684 [INFO] ThirdParty:796 - exiting critical section [close project]
2021-05-10 12:46:34,699 [INFO] PinOutPanel:1434 - setPackage(No Configuration,No Configuration)
2021-05-10 12:46:34,699 [FATAL] Updater:284 - Updater called before beeing initialized
2021-05-10 12:46:34,762 [ERROR] Updater:1065 - MainUpdater not yet initialized. External WinMGr cannot be set.
2021-05-10 12:46:34,810 [INFO] Updater:1002 - Updater Version found : 6.1.1
2021-05-10 12:46:34,902 [INFO] ApplicationProperties:181 - Using Application install path: C:\ST\STM32CubeIDE_1.0.2\STM32CubeIDE\plugins\com.st.stm32cube.common.mx_6.1.1.202012091304
2021-05-10 12:46:35,797 [INFO] MainUpdater:2644 - connection check result : 10
2021-05-10 12:46:35,797 [INFO] MainUpdater:249 - Updater Check For Update Now.
2021-05-10 12:46:35,797 [INFO] MicroXplorer:415 - Change Database Version : DB.6.0.10
2021-05-10 12:46:36,484 [INFO] CheckServerUpdateThread:102 - End of CheckServer Thread
2021-05-10 12:46:36,488 [INFO] MainUpdater:2644 - connection check result : 10
2021-05-10 12:46:51,092 [INFO] CrossSelectorPresenter:1330 - Cross Selector saved comparison directory: C:\Users\Israel\.stmcufinder\plugins\mcufinder\mcu\cs_comparisons_mx
2021-05-10 12:46:51,108 [INFO] MultiScanPanel:198 - Auto-refresh data requested => check proxy status ongoing
2021-05-10 12:46:51,123 [INFO] FinderPluginLoader:87 - Searching for filters in installed packs
2021-05-10 12:46:51,154 [INFO] FinderPluginLoader:100 - Found C:\Users\Israel\STM32Cube\Repository\Packs\STMicroelectronics\X-CUBE-AI\5.2.0\CubeMX\plugins\ip\ai.5.2.0.jar
2021-05-10 12:46:51,154 [INFO] FinderPluginLoader:100 - Found C:\Users\Israel\STM32Cube\Repository\Packs\STMicroelectronics\X-CUBE-AI\5.1.2\CubeMX\plugins\ip\ai.5.1.2.jar
2021-05-10 12:46:51,154 [INFO] FinderPluginLoader:100 - Found C:\Users\Israel\STM32Cube\Repository\Packs\STMicroelectronics\X-CUBE-AI\3.4.0\CubeMX\plugins\ip\ai.3.4.0.jar
2021-05-10 12:46:51,154 [INFO] FinderPluginLoader:110 - Loading ai.5.2.0
2021-05-10 12:46:55,185 [INFO] McuExtendedFiltersManager:90 - Add MCU extended filter: Artificial Intelligence
2021-05-10 12:46:55,220 [INFO] DbMcusXml:97 - Load MCU database from C:\ST\STM32CubeIDE_1.0.2\STM32CubeIDE\plugins\com.st.stm32cube.common.mx_6.1.1.202012091304\\db\/mcu/families.xml
2021-05-10 12:47:02,368 [INFO] DbMcusJson:92 - JSON generation date=Mon Feb 08 13:35:07 GMT 2021 (1612791307)
2021-05-10 12:47:13,390 [INFO] DbMcus:176 - Found 1835 MCUs (1796 are supported by CubeMX, 1804 are visible in CubeMX)
2021-05-10 12:47:13,396 [INFO] ApiDb:238 - Load user favorites file C:\Users\Israel/.stm32cubeide/favorites.mcus.txt: 0 item(s)
2021-05-10 12:47:13,396 [INFO] ApiDb:242 - User favorites MCUs=[]
2021-05-10 12:47:13,397 [INFO] DbMcus:188 - Set 0 / 0 favorites MCUs
2021-05-10 12:47:14,095 [INFO] AInterface:95 - AInterface using toolDir: C:/Users/Israel/STM32Cube/Repository//Packs/STMicroelectronics/X-CUBE-AI/5.2.0/Utilities/windows
2021-05-10 12:47:16,714 [INFO] DetailPanel:344 - Set advertising image to C:/Users/Israel/STM32Cube/Repository/\stm32cubemx-promo_image.jpg
2021-05-10 12:47:19,192 [INFO] McuFilterPanel:245 - Update 0 favorites MCUs
2021-05-10 12:47:19,836 [INFO] DbBoardsPdsc:91 - Found 24 items
2021-05-10 12:47:19,851 [INFO] DbBoardsPdsc:91 - Found 9 items
2021-05-10 12:47:19,963 [INFO] DbBoardsPdsc:91 - Found 32 items
2021-05-10 12:47:19,991 [INFO] DbBoardsPdsc:91 - Found 1 items
2021-05-10 12:47:20,070 [INFO] DbBoardsPdsc:91 - Found 45 items
2021-05-10 12:47:20,118 [INFO] DbBoardsPdsc:91 - Found 41 items
2021-05-10 12:47:20,131 [INFO] DbBoardsPdsc:91 - Found 2 items
2021-05-10 12:47:20,150 [INFO] DbBoardsPdsc:91 - Found 4 items
2021-05-10 12:47:20,201 [WARN] DbBoardsPdsc:255 - Board STM32H7B3I-DK: unknown feature type=Audio, name=, username=Audio stereo codec with Headphone Amp (CS42L51-CNZ), n=1
2021-05-10 12:47:20,204 [WARN] DbBoardsPdsc:255 - Board STM32H735G-DK: unknown feature type=Audio, name=, username=Audio stereo codec with Headphone Amp (WM8994ECS/R), n=1
2021-05-10 12:47:20,234 [WARN] DbBoardsPdsc:255 - Board STM32H7B3I-EVAL: unknown feature type=Audio, name=, username=Multi-Channel Audio Codec (CS42L51-CNZ), n=1
2021-05-10 12:47:20,234 [WARN] DbBoardsPdsc:255 - Board STM32H7B3I-EVAL: unknown feature type=Meter, name=, username=Power-metering and Temperature-monitoring with sigma-delta modulators, n=1
2021-05-10 12:47:20,238 [WARN] DbBoardsPdsc:255 - Board STM32H7B3I-EVAL: unknown feature type=Motor, name=, username=Motor Control, n=1
2021-05-10 12:47:20,428 [INFO] DbBoardsJson:85 - JSON generation date=Thu Feb 04 16:53:45 GMT 2021 (1612457625)
2021-05-10 12:47:20,479 [INFO] DbBoards:118 - Found 160 boards (155 are supported by CubeMX)
2021-05-10 12:47:20,625 [INFO] DbBoardsDocs:145 - JSON generation date=Mon Feb 08 13:35:07 GMT 2021 (1612791307)
2021-05-10 12:47:20,752 [INFO] DbBoardsDocs:81 - Found 193 boards documents
2021-05-10 12:47:20,753 [WARN] DbBoards:128 - board B-L462E-CELL1 has no document id list !
2021-05-10 12:47:20,754 [WARN] DbBoards:128 - board B-L475E-IOT01A2 has no document id list !
2021-05-10 12:47:20,759 [WARN] DbBoards:128 - board NUCLEO-G0B1RE has no document id list !
2021-05-10 12:47:20,761 [WARN] DbBoards:128 - board NUCLEO-H743ZI2 has no document id list !
2021-05-10 12:47:20,763 [WARN] DbBoards:128 - board NUCLEO-L4A6ZG has no document id list !
2021-05-10 12:47:20,764 [WARN] DbBoards:128 - board NUCLEO-WB55RG has no document id list !
2021-05-10 12:47:20,765 [WARN] DbBoards:128 - board NUCLEO-WL55JC1 has no document id list !
2021-05-10 12:47:20,768 [WARN] DbBoards:128 - board NUCLEO-WL55JC2 has no document id list !
2021-05-10 12:47:20,770 [WARN] DbBoards:128 - board P-NUCLEO-WB55-Nucleo has no document id list !
2021-05-10 12:47:20,771 [WARN] DbBoards:128 - board P-NUCLEO-WB55-USBDongle has no document id list !
2021-05-10 12:47:20,772 [WARN] DbBoards:128 - board STEVAL-BFA001V1B has no document id list !
2021-05-10 12:47:20,772 [WARN] DbBoards:128 - board STEVAL-BFA001V2B has no document id list !
2021-05-10 12:47:20,772 [WARN] DbBoards:128 - board STEVAL-IDP005V1 has no document id list !
2021-05-10 12:47:20,773 [WARN] DbBoards:128 - board STEVAL-IDP005V2 has no document id list !
2021-05-10 12:47:20,778 [WARN] DbBoards:128 - board STEVAL-MKSBOX1V1 has no document id list !
2021-05-10 12:47:20,780 [WARN] DbBoards:128 - board STEVAL-STWINKT1 has no document id list !
2021-05-10 12:47:20,781 [WARN] DbBoards:128 - board STEVAL-STWINKT1B has no document id list !
2021-05-10 12:47:20,783 [WARN] DbBoards:128 - board STM32F401C-DISCO has no document id list !
2021-05-10 12:47:20,788 [WARN] DbBoards:128 - board STM32F769I-DISC1 has no document id list !
2021-05-10 12:47:20,789 [WARN] DbBoards:128 - board STM32G0C1E-EV has no document id list !
2021-05-10 12:47:20,790 [WARN] DbBoards:128 - board STM32G474E-EVAL1 has no document id list !
2021-05-10 12:47:20,792 [WARN] DbBoards:128 - board STM32H743I-EVAL2 has no document id list !
2021-05-10 12:47:20,807 [WARN] DbBoards:128 - board STM32H747I-DISC1 has no document id list !
2021-05-10 12:47:20,814 [WARN] DbBoards:128 - board STM32H753I-EVAL2 has no document id list !
2021-05-10 12:47:20,815 [WARN] DbBoards:128 - board STM32L-DISCOVERY has no document id list !
2021-05-10 12:47:20,826 [WARN] DbBoards:128 - board STM32MP157A-DK1 has no document id list !
2021-05-10 12:47:20,827 [WARN] DbBoards:128 - board STM32MP157F-DK2 has no document id list !
2021-05-10 12:47:20,828 [WARN] DbBoards:128 - board STM32MP157F-EV1 has no document id list !
2021-05-10 12:47:24,008 [ERROR] DbBoards:190 - Image file not found for board NUCLEO-WL55JC: C:\ST\STM32CubeIDE_1.0.2\STM32CubeIDE\plugins\com.st.stm32cube.common.mx_6.1.1.202012091304\\db\/plugins/mcufinder/images/boards/nucleo-wl55jc-small.jpg
2021-05-10 12:47:25,642 [ERROR] DbBoards:190 - Image file not found for board STEVAL-STWINKT1B: C:\ST\STM32CubeIDE_1.0.2\STM32CubeIDE\plugins\com.st.stm32cube.common.mx_6.1.1.202012091304\\db\/plugins/mcufinder/images/boards/steval-stwinkt1b_small.jpg
2021-05-10 12:47:29,666 [ERROR] DbBoards:190 - Image file not found for board STM32H7B3I-EVAL: C:\ST\STM32CubeIDE_1.0.2\STM32CubeIDE\plugins\com.st.stm32cube.common.mx_6.1.1.202012091304\\db\/plugins/mcufinder/images/boards/stm32h7b3ieval_small.jpg
2021-05-10 12:47:31,149 [INFO] ApiDb:238 - Load user favorites file C:\Users\Israel/.stm32cubeide/favorites.boards.txt: 0 item(s)
2021-05-10 12:47:31,151 [INFO] ApiDb:242 - User favorites Boards=[]
2021-05-10 12:47:31,153 [INFO] DbBoards:207 - Set 0 / 0 favorites Boards
2021-05-10 12:51:43,692 [INFO] DbMcusDocs:145 - JSON generation date=Mon Feb 08 13:35:07 GMT 2021 (1612791307)
2021-05-10 12:51:44,980 [INFO] DbMcusDocs:81 - Found 617 MCUs documents
2021-05-10 12:52:25,430 [INFO] ApiDb:263 - Save user favorites file C:\Users\Israel/.stm32cubeide/favorites.mcus.txt: 0 item(s)
2021-05-10 12:52:25,433 [INFO] ApiDb:267 - User favorites MCUs=[]
2021-05-10 17:10:42,192 [INFO] Activator:170 - 


2021-05-10 17:10:42,208 [INFO] Activator:171 - !SESSION log4j initialized
2021-05-10 20:38:06,378 [INFO] McuFinderGlobals:40 - Set McuFinder mode to 2 (CubeIDE integrated)
2021-05-10 20:38:08,867 [INFO] ApplicationProperties:181 - Using Application install path: C:\ST\STM32CubeIDE_1.0.2\STM32CubeIDE\plugins\com.st.stm32cube.common.mx_6.1.1.202012091304
2021-05-10 20:38:08,914 [INFO] DbMcusXml:71 - Set database path to: C:\ST\STM32CubeIDE_1.0.2\STM32CubeIDE\plugins\com.st.stm32cube.common.mx_6.1.1.202012091304\\db\/mcu/
2021-05-10 20:38:08,946 [INFO] DbBoardsPdsc:57 - Set plugin database path to: C:\ST\STM32CubeIDE_1.0.2\STM32CubeIDE\plugins\com.st.stm32cube.common.mx_6.1.1.202012091304\\db\/plugins/boardmanager/
2021-05-10 20:38:08,946 [INFO] DbMcus:259 - Set plugin images path to: C:\ST\STM32CubeIDE_1.0.2\STM32CubeIDE\plugins\com.st.stm32cube.common.mx_6.1.1.202012091304\\db\/plugins/mcufinder/images/
2021-05-10 20:38:08,946 [INFO] DbBoards:265 - Set plugin images path to: C:\ST\STM32CubeIDE_1.0.2\STM32CubeIDE\plugins\com.st.stm32cube.common.mx_6.1.1.202012091304\\db\/plugins/mcufinder/images/
2021-05-10 20:38:08,961 [INFO] DbExamples:329 - Set plugin images path to: C:\ST\STM32CubeIDE_1.0.2\STM32CubeIDE\plugins\com.st.stm32cube.common.mx_6.1.1.202012091304\\db\/plugins/mcufinder/images/
2021-05-10 20:38:09,024 [INFO] DbMcusDocs:112 - Set database path to: C:\Users\Israel\.stmcufinder\plugins\mcufinder//mcu/
2021-05-10 20:38:09,024 [INFO] DbMcusJson:63 - Set database path to: C:\Users\Israel\.stmcufinder\plugins\mcufinder//mcu/
2021-05-10 20:38:09,039 [INFO] DbBoardsDocs:112 - Set database path to: C:\Users\Israel\.stmcufinder\plugins\mcufinder//mcu/
2021-05-10 20:38:09,039 [INFO] DbBoardsJson:56 - Set database path to: C:\Users\Israel\.stmcufinder\plugins\mcufinder//mcu/
2021-05-10 20:38:09,118 [INFO] CrossReferenceDbSqlite:196 - Set database path to: C:\Users\Israel\.stmcufinder\plugins\mcufinder//mcu/cs/
2021-05-10 20:38:09,133 [INFO] DbExamplesSqlite:699 - Set database path to: C:\Users\Israel\.stmcufinder\plugins\mcufinder//mcu/
2021-05-10 20:38:09,623 [INFO] RulesReader:52 - Compatibility file has been processed (228 Rules)
2021-05-10 20:38:09,967 [INFO] MicroXplorer:565 - Detected Java Version = 1.8.0_202
2021-05-10 20:38:09,983 [INFO] DbMcusXml:71 - Set database path to: C:\ST\STM32CubeIDE_1.0.2\STM32CubeIDE\plugins\com.st.stm32cube.common.mx_6.1.1.202012091304\\db\/mcu/
2021-05-10 20:38:09,983 [INFO] DbBoardsPdsc:57 - Set plugin database path to: C:\ST\STM32CubeIDE_1.0.2\STM32CubeIDE\plugins\com.st.stm32cube.common.mx_6.1.1.202012091304\\db\/plugins/boardmanager/
2021-05-10 20:38:09,983 [INFO] DbMcus:259 - Set plugin images path to: C:\ST\STM32CubeIDE_1.0.2\STM32CubeIDE\plugins\com.st.stm32cube.common.mx_6.1.1.202012091304\\db\/plugins/mcufinder/images/
2021-05-10 20:38:09,983 [INFO] DbBoards:265 - Set plugin images path to: C:\ST\STM32CubeIDE_1.0.2\STM32CubeIDE\plugins\com.st.stm32cube.common.mx_6.1.1.202012091304\\db\/plugins/mcufinder/images/
2021-05-10 20:38:09,983 [INFO] DbExamples:329 - Set plugin images path to: C:\ST\STM32CubeIDE_1.0.2\STM32CubeIDE\plugins\com.st.stm32cube.common.mx_6.1.1.202012091304\\db\/plugins/mcufinder/images/
2021-05-10 20:38:09,983 [WARN] DbFile:36 - Overriding database path with different value: C:\Users\Israel\.stmcufinder\plugins\mcufinder/ => C:\Users\Israel\.stmcufinder\plugins\mcufinder
2021-05-10 20:38:09,983 [INFO] DbMcusDocs:112 - Set database path to: C:\Users\Israel\.stmcufinder\plugins\mcufinder//mcu/
2021-05-10 20:38:09,983 [WARN] DbFile:36 - Overriding database path with different value: C:\Users\Israel\.stmcufinder\plugins\mcufinder/ => C:\Users\Israel\.stmcufinder\plugins\mcufinder
2021-05-10 20:38:09,983 [INFO] DbMcusJson:63 - Set database path to: C:\Users\Israel\.stmcufinder\plugins\mcufinder//mcu/
2021-05-10 20:38:09,998 [WARN] DbFile:36 - Overriding database path with different value: C:\Users\Israel\.stmcufinder\plugins\mcufinder/ => C:\Users\Israel\.stmcufinder\plugins\mcufinder
2021-05-10 20:38:09,998 [INFO] DbBoardsDocs:112 - Set database path to: C:\Users\Israel\.stmcufinder\plugins\mcufinder//mcu/
2021-05-10 20:38:09,998 [WARN] DbFile:36 - Overriding database path with different value: C:\Users\Israel\.stmcufinder\plugins\mcufinder/ => C:\Users\Israel\.stmcufinder\plugins\mcufinder
2021-05-10 20:38:09,998 [INFO] DbBoardsJson:56 - Set database path to: C:\Users\Israel\.stmcufinder\plugins\mcufinder//mcu/
2021-05-10 20:38:09,998 [WARN] DbFile:36 - Overriding database path with different value: C:\Users\Israel\.stmcufinder\plugins\mcufinder/ => C:\Users\Israel\.stmcufinder\plugins\mcufinder
2021-05-10 20:38:09,998 [WARN] DbFile:36 - Overriding database path with different value: C:\Users\Israel\.stmcufinder\plugins\mcufinder/ => C:\Users\Israel\.stmcufinder\plugins\mcufinder
2021-05-10 20:38:09,998 [INFO] CrossReferenceDbSqlite:196 - Set database path to: C:\Users\Israel\.stmcufinder\plugins\mcufinder//mcu/cs/
2021-05-10 20:38:09,998 [WARN] DbFile:36 - Overriding database path with different value: C:\Users\Israel\.stmcufinder\plugins\mcufinder/ => C:\Users\Israel\.stmcufinder\plugins\mcufinder
2021-05-10 20:38:09,998 [INFO] DbExamplesSqlite:699 - Set database path to: C:\Users\Israel\.stmcufinder\plugins\mcufinder//mcu/
2021-05-10 20:38:10,422 [INFO] MainPanel:190 - HeapMemory: 367001600
2021-05-10 20:38:10,869 [INFO] DbMcusXml:71 - Set database path to: C:\ST\STM32CubeIDE_1.0.2\STM32CubeIDE\plugins\com.st.stm32cube.common.mx_6.1.1.202012091304\\db\/mcu/
2021-05-10 20:38:10,869 [INFO] DbBoardsPdsc:57 - Set plugin database path to: C:\ST\STM32CubeIDE_1.0.2\STM32CubeIDE\plugins\com.st.stm32cube.common.mx_6.1.1.202012091304\\db\/plugins/boardmanager/
2021-05-10 20:38:10,869 [INFO] DbMcus:259 - Set plugin images path to: C:\ST\STM32CubeIDE_1.0.2\STM32CubeIDE\plugins\com.st.stm32cube.common.mx_6.1.1.202012091304\\db\/plugins/mcufinder/images/
2021-05-10 20:38:10,869 [INFO] DbBoards:265 - Set plugin images path to: C:\ST\STM32CubeIDE_1.0.2\STM32CubeIDE\plugins\com.st.stm32cube.common.mx_6.1.1.202012091304\\db\/plugins/mcufinder/images/
2021-05-10 20:38:10,869 [INFO] DbExamples:329 - Set plugin images path to: C:\ST\STM32CubeIDE_1.0.2\STM32CubeIDE\plugins\com.st.stm32cube.common.mx_6.1.1.202012091304\\db\/plugins/mcufinder/images/
2021-05-10 20:38:10,869 [WARN] DbFile:36 - Overriding database path with different value: C:\Users\Israel\.stmcufinder\plugins\mcufinder/ => C:\Users\Israel\.stmcufinder\plugins\mcufinder
2021-05-10 20:38:10,869 [INFO] DbMcusDocs:112 - Set database path to: C:\Users\Israel\.stmcufinder\plugins\mcufinder//mcu/
2021-05-10 20:38:10,869 [WARN] DbFile:36 - Overriding database path with different value: C:\Users\Israel\.stmcufinder\plugins\mcufinder/ => C:\Users\Israel\.stmcufinder\plugins\mcufinder
2021-05-10 20:38:10,869 [INFO] DbMcusJson:63 - Set database path to: C:\Users\Israel\.stmcufinder\plugins\mcufinder//mcu/
2021-05-10 20:38:10,869 [WARN] DbFile:36 - Overriding database path with different value: C:\Users\Israel\.stmcufinder\plugins\mcufinder/ => C:\Users\Israel\.stmcufinder\plugins\mcufinder
2021-05-10 20:38:10,869 [INFO] DbBoardsDocs:112 - Set database path to: C:\Users\Israel\.stmcufinder\plugins\mcufinder//mcu/
2021-05-10 20:38:10,869 [WARN] DbFile:36 - Overriding database path with different value: C:\Users\Israel\.stmcufinder\plugins\mcufinder/ => C:\Users\Israel\.stmcufinder\plugins\mcufinder
2021-05-10 20:38:10,869 [INFO] DbBoardsJson:56 - Set database path to: C:\Users\Israel\.stmcufinder\plugins\mcufinder//mcu/
2021-05-10 20:38:10,869 [WARN] DbFile:36 - Overriding database path with different value: C:\Users\Israel\.stmcufinder\plugins\mcufinder/ => C:\Users\Israel\.stmcufinder\plugins\mcufinder
2021-05-10 20:38:10,869 [WARN] DbFile:36 - Overriding database path with different value: C:\Users\Israel\.stmcufinder\plugins\mcufinder/ => C:\Users\Israel\.stmcufinder\plugins\mcufinder
2021-05-10 20:38:10,869 [INFO] CrossReferenceDbSqlite:196 - Set database path to: C:\Users\Israel\.stmcufinder\plugins\mcufinder//mcu/cs/
2021-05-10 20:38:10,884 [WARN] DbFile:36 - Overriding database path with different value: C:\Users\Israel\.stmcufinder\plugins\mcufinder/ => C:\Users\Israel\.stmcufinder\plugins\mcufinder
2021-05-10 20:38:10,884 [INFO] DbExamplesSqlite:699 - Set database path to: C:\Users\Israel\.stmcufinder\plugins\mcufinder//mcu/
2021-05-10 20:38:10,962 [INFO] ApplicationProperties:181 - Using Application install path: C:\ST\STM32CubeIDE_1.0.2\STM32CubeIDE\plugins\com.st.stm32cube.common.mx_6.1.1.202012091304
2021-05-10 20:38:10,981 [INFO] PluginManage:178 - Search for loadable plugins [exclusion list=, ]
2021-05-10 20:38:10,981 [INFO] PluginManage:292 - Check plugin analytics
2021-05-10 20:38:11,670 [INFO] AnalyticsPlugin:225 - Accepted Software Licenses: Error : could not load the licence version !,STM32CubeMX.5.4.0
2021-05-10 20:38:11,670 [INFO] AnalyticsPlugin:227 - Accepted CMSIS Pack Licenses: STMicroelectronics.X-CUBE-BLE1.4.4.0,STMicroelectronics.X-CUBE-BLE1.4.2.0,STMicroelectronics.X-CUBE-AI.4.1.0,STMicroelectronics.X-CUBE-AI.4.0.0
2021-05-10 20:38:11,670 [INFO] AnalyticsPlugin:229 - Accepted Firmware Licenses: 
2021-05-10 20:38:11,670 [INFO] PluginManage:342 - Loaded plugin analytics (category:tool,tabindex:-1)
2021-05-10 20:38:11,670 [INFO] PluginManage:292 - Check plugin clock
2021-05-10 20:38:11,942 [INFO] PluginManage:342 - Loaded plugin clock (category:base,tabindex:2)
2021-05-10 20:38:11,942 [INFO] PluginManage:292 - Check plugin ddr
2021-05-10 20:38:11,942 [INFO] PluginManage:342 - Loaded plugin ddr (category:tool,tabindex:6)
2021-05-10 20:38:11,942 [INFO] PluginManage:292 - Check plugin filemanager
2021-05-10 20:38:12,446 [INFO] PluginManage:342 - Loaded plugin filemanager (category:base,tabindex:10)
2021-05-10 20:38:12,446 [INFO] PluginManage:292 - Check plugin ipmanager
2021-05-10 20:38:12,462 [INFO] PluginManage:342 - Loaded plugin ipmanager (category:base,tabindex:5)
2021-05-10 20:38:12,462 [INFO] PluginManage:292 - Check plugin pinoutandconfiguration
2021-05-10 20:38:12,745 [INFO] PluginManage:342 - Loaded plugin pinoutandconfiguration (category:base,tabindex:1)
2021-05-10 20:38:12,745 [INFO] PluginManage:292 - Check plugin pinoutconfig
2021-05-10 20:38:12,886 [INFO] PluginManage:342 - Loaded plugin pinoutconfig (category:base,tabindex:0)
2021-05-10 20:38:12,886 [INFO] PluginManage:292 - Check plugin power
2021-05-10 20:38:13,214 [INFO] PluginManage:342 - Loaded plugin power (category:power,tabindex:4)
2021-05-10 20:38:13,214 [INFO] PluginManage:292 - Check plugin projectmanager
2021-05-10 20:38:13,276 [INFO] PluginManage:342 - Loaded plugin projectmanager (category:projectmanager,tabindex:3)
2021-05-10 20:38:13,276 [INFO] PluginManage:292 - Check plugin thirdparty
2021-05-10 20:38:14,201 [INFO] PluginManage:342 - Loaded plugin thirdparty (category:base,tabindex:-1)
2021-05-10 20:38:14,201 [INFO] PluginManage:292 - Check plugin tools
2021-05-10 20:38:14,201 [WARN] IntegrityCheckThread:59 - waiting for thirdparty lock release [integrity check]
2021-05-10 20:38:14,216 [INFO] IntegrityCheckThread:61 - entering critical section [integrity check]
2021-05-10 20:38:14,216 [INFO] ThirdPartyUpdaterWithRetryManager:56 - Updater plugin not ready yet. [1/15]
2021-05-10 20:38:14,232 [INFO] PluginManage:342 - Loaded plugin tools (category:base,tabindex:7)
2021-05-10 20:38:14,232 [INFO] PluginManage:292 - Check plugin tutovideos
2021-05-10 20:38:17,227 [INFO] ThirdPartyUpdaterWithRetryManager:56 - Updater plugin not ready yet. [2/15]
2021-05-10 20:38:18,931 [INFO] PluginManage:342 - Loaded plugin tutovideos (category:base,tabindex:-1)
2021-05-10 20:38:18,931 [INFO] PluginManage:292 - Check plugin updater
2021-05-10 20:38:18,978 [INFO] PluginManage:342 - Loaded plugin updater (category:base,tabindex:12)
2021-05-10 20:38:18,978 [INFO] PluginManage:265 - PluginManage : Loaded plugins [13]
2021-05-10 20:38:19,556 [INFO] PinOutPanel:1434 - setPackage(No Configuration,No Configuration)
2021-05-10 20:38:19,884 [INFO] IPUIPlugin:64 - create IPUIPlugin
2021-05-10 20:38:19,884 [INFO] PluginManager:203 - loadIPPluginJar : add adc
2021-05-10 20:38:19,900 [INFO] IPUIPlugin:64 - create IPUIPlugin
2021-05-10 20:38:19,915 [INFO] PluginManager:203 - loadIPPluginJar : add aes
2021-05-10 20:38:19,931 [INFO] IPUIPlugin:64 - create IPUIPlugin
2021-05-10 20:38:19,931 [INFO] PluginManager:203 - loadIPPluginJar : add can
2021-05-10 20:38:19,947 [INFO] IPUIPlugin:64 - create IPUIPlugin
2021-05-10 20:38:19,947 [INFO] PluginManager:203 - loadIPPluginJar : add comp
2021-05-10 20:38:19,963 [INFO] IPUIPlugin:64 - create IPUIPlugin
2021-05-10 20:38:19,963 [INFO] PluginManager:203 - loadIPPluginJar : add cryp
2021-05-10 20:38:19,963 [INFO] IPUIPlugin:64 - create IPUIPlugin
2021-05-10 20:38:19,963 [INFO] PluginManager:203 - loadIPPluginJar : add dfsdm
2021-05-10 20:38:19,993 [INFO] IPUIPlugin:64 - create IPUIPlugin
2021-05-10 20:38:19,993 [INFO] PluginManager:203 - loadIPPluginJar : add dma
2021-05-10 20:38:20,025 [INFO] IPUIPlugin:64 - create IPUIPlugin
2021-05-10 20:38:20,025 [INFO] PluginManager:203 - loadIPPluginJar : add fatfs
2021-05-10 20:38:20,040 [INFO] IPUIPlugin:64 - create IPUIPlugin
2021-05-10 20:38:20,040 [INFO] PluginManager:203 - loadIPPluginJar : add fmc
2021-05-10 20:38:20,087 [INFO] IPUIPlugin:64 - create IPUIPlugin
2021-05-10 20:38:20,087 [INFO] PluginManager:203 - loadIPPluginJar : add freertos
2021-05-10 20:38:20,228 [INFO] ThirdPartyUpdaterWithRetryManager:56 - Updater plugin not ready yet. [3/15]
2021-05-10 20:38:20,259 [INFO] IPUIPlugin:64 - create IPUIPlugin
2021-05-10 20:38:20,259 [INFO] PluginManager:203 - loadIPPluginJar : add genericplugin
2021-05-10 20:38:20,275 [INFO] IPUIPlugin:64 - create IPUIPlugin
2021-05-10 20:38:20,275 [INFO] PluginManager:203 - loadIPPluginJar : add gfxmmu
2021-05-10 20:38:20,306 [INFO] IPUIPlugin:64 - create IPUIPlugin
2021-05-10 20:38:20,306 [INFO] PluginManager:203 - loadIPPluginJar : add gic
2021-05-10 20:38:20,337 [INFO] IPUIPlugin:64 - create IPUIPlugin
2021-05-10 20:38:20,337 [INFO] PluginManager:203 - loadIPPluginJar : add gpio
2021-05-10 20:38:20,368 [INFO] IPUIPlugin:64 - create IPUIPlugin
2021-05-10 20:38:20,368 [INFO] PluginManager:203 - loadIPPluginJar : add gtzc
2021-05-10 20:38:20,384 [INFO] IPUIPlugin:64 - create IPUIPlugin
2021-05-10 20:38:20,384 [INFO] PluginManager:203 - loadIPPluginJar : add hash
2021-05-10 20:38:20,400 [INFO] IPUIPlugin:64 - create IPUIPlugin
2021-05-10 20:38:20,400 [INFO] PluginManager:203 - loadIPPluginJar : add i2c
2021-05-10 20:38:20,415 [INFO] IPUIPlugin:64 - create IPUIPlugin
2021-05-10 20:38:20,415 [INFO] PluginManager:203 - loadIPPluginJar : add i2s
2021-05-10 20:38:20,447 [INFO] IPUIPlugin:64 - create IPUIPlugin
2021-05-10 20:38:20,447 [INFO] PluginManager:203 - loadIPPluginJar : add ipddr
2021-05-10 20:38:20,462 [INFO] IPUIPlugin:64 - create IPUIPlugin
2021-05-10 20:38:20,462 [INFO] PluginManager:203 - loadIPPluginJar : add lorawan
2021-05-10 20:38:20,462 [INFO] IPUIPlugin:64 - create IPUIPlugin
2021-05-10 20:38:20,462 [INFO] PluginManager:203 - loadIPPluginJar : add ltdc
2021-05-10 20:38:20,509 [INFO] IPUIPlugin:64 - create IPUIPlugin
2021-05-10 20:38:20,510 [INFO] PluginManager:203 - loadIPPluginJar : add mdma
2021-05-10 20:38:20,537 [INFO] IPUIPlugin:64 - create IPUIPlugin
2021-05-10 20:38:20,538 [INFO] PluginManager:203 - loadIPPluginJar : add nvic
2021-05-10 20:38:20,540 [INFO] IPUIPlugin:64 - create IPUIPlugin
2021-05-10 20:38:20,540 [INFO] PluginManager:203 - loadIPPluginJar : add opamp
2021-05-10 20:38:20,556 [INFO] IPUIPlugin:64 - create IPUIPlugin
2021-05-10 20:38:20,556 [INFO] PluginManager:203 - loadIPPluginJar : add openamp
2021-05-10 20:38:20,571 [INFO] IPUIPlugin:64 - create IPUIPlugin
2021-05-10 20:38:20,587 [INFO] PluginManager:203 - loadIPPluginJar : add pdm2pcm
2021-05-10 20:38:20,603 [INFO] IPUIPlugin:64 - create IPUIPlugin
2021-05-10 20:38:20,618 [INFO] PluginManager:203 - loadIPPluginJar : add plateformsettings
2021-05-10 20:38:20,634 [INFO] IPUIPlugin:64 - create IPUIPlugin
2021-05-10 20:38:20,634 [INFO] PluginManager:203 - loadIPPluginJar : add quadspi
2021-05-10 20:38:20,665 [INFO] IPUIPlugin:64 - create IPUIPlugin
2021-05-10 20:38:20,665 [INFO] PluginManager:203 - loadIPPluginJar : add resmgrutility
2021-05-10 20:38:20,696 [INFO] IPUIPlugin:64 - create IPUIPlugin
2021-05-10 20:38:20,696 [INFO] PluginManager:203 - loadIPPluginJar : add sai
2021-05-10 20:38:20,712 [INFO] IPUIPlugin:64 - create IPUIPlugin
2021-05-10 20:38:20,712 [INFO] PluginManager:203 - loadIPPluginJar : add spi
2021-05-10 20:38:20,743 [INFO] IPUIPlugin:64 - create IPUIPlugin
2021-05-10 20:38:20,743 [INFO] PluginManager:203 - loadIPPluginJar : add stm32_wpan
2021-05-10 20:38:20,743 [INFO] IPUIPlugin:64 - create IPUIPlugin
2021-05-10 20:38:20,743 [INFO] PluginManager:203 - loadIPPluginJar : add tim
2021-05-10 20:38:20,774 [INFO] IPUIPlugin:64 - create IPUIPlugin
2021-05-10 20:38:20,774 [INFO] PluginManager:203 - loadIPPluginJar : add touchsensing
2021-05-10 20:38:20,774 [INFO] IPUIPlugin:64 - create IPUIPlugin
2021-05-10 20:38:20,774 [INFO] PluginManager:203 - loadIPPluginJar : add tracer_emb
2021-05-10 20:38:20,790 [INFO] IPUIPlugin:64 - create IPUIPlugin
2021-05-10 20:38:20,790 [INFO] PluginManager:203 - loadIPPluginJar : add ts
2021-05-10 20:38:20,806 [INFO] IPUIPlugin:64 - create IPUIPlugin
2021-05-10 20:38:20,806 [INFO] PluginManager:203 - loadIPPluginJar : add tsc
2021-05-10 20:38:20,821 [INFO] IPUIPlugin:64 - create IPUIPlugin
2021-05-10 20:38:20,821 [INFO] PluginManager:203 - loadIPPluginJar : add ucpd
2021-05-10 20:38:20,837 [INFO] IPUIPlugin:64 - create IPUIPlugin
2021-05-10 20:38:20,837 [INFO] PluginManager:203 - loadIPPluginJar : add usart
2021-05-10 20:38:21,618 [FATAL] Updater:284 - Updater called before beeing initialized
2021-05-10 20:38:21,946 [FATAL] Updater:284 - Updater called before beeing initialized
2021-05-10 20:38:22,087 [WARN] DetailPanel:347 - Failed to get advertising image, set to default
2021-05-10 20:38:22,103 [FATAL] Updater:284 - Updater called before beeing initialized
2021-05-10 20:38:22,103 [WARN] DetailPanel:347 - Failed to get advertising image, set to default
2021-05-10 20:38:22,243 [FATAL] Updater:284 - Updater called before beeing initialized
2021-05-10 20:38:22,243 [WARN] ThirdParty:783 - waiting for thirdparty lock release [close project]
2021-05-10 20:38:23,230 [INFO] ThirdPartyUpdaterWithRetryManager:56 - Updater plugin not ready yet. [4/15]
2021-05-10 20:38:26,234 [FATAL] Updater:284 - Updater called before beeing initialized
2021-05-10 20:38:26,234 [ERROR] AbstractThirdPartyUpdaterManager:153 - java.lang.Integer cannot be cast to java.util.List
2021-05-10 20:38:26,234 [INFO] ThirdParty:887 - Integrity check success = false
2021-05-10 20:38:26,234 [INFO] IntegrityCheckThread:75 - exiting critical section [integrity check]
2021-05-10 20:38:26,234 [INFO] IntegrityCheckThread:78 - End integrity checks thread
2021-05-10 20:38:26,234 [INFO] ThirdParty:785 - entering critical section [close project]
2021-05-10 20:38:26,234 [INFO] ThirdParty:796 - exiting critical section [close project]
2021-05-10 20:38:26,234 [INFO] PinOutPanel:1434 - setPackage(No Configuration,No Configuration)
2021-05-10 20:38:26,234 [FATAL] Updater:284 - Updater called before beeing initialized
2021-05-10 20:38:26,265 [ERROR] Updater:1065 - MainUpdater not yet initialized. External WinMGr cannot be set.
2021-05-10 20:38:26,281 [INFO] Updater:1002 - Updater Version found : 6.1.1
2021-05-10 20:38:26,344 [INFO] ApplicationProperties:181 - Using Application install path: C:\ST\STM32CubeIDE_1.0.2\STM32CubeIDE\plugins\com.st.stm32cube.common.mx_6.1.1.202012091304
2021-05-10 20:38:26,862 [INFO] MainUpdater:2644 - connection check result : 10
2021-05-10 20:38:26,862 [INFO] MainUpdater:249 - Updater Check For Update Now.
2021-05-10 20:38:26,862 [INFO] MicroXplorer:415 - Change Database Version : DB.6.0.10
2021-05-10 20:38:27,175 [INFO] CheckServerUpdateThread:102 - End of CheckServer Thread
2021-05-10 20:38:27,268 [INFO] MainUpdater:2644 - connection check result : 10
2021-05-10 20:38:29,218 [INFO] CrossSelectorPresenter:1330 - Cross Selector saved comparison directory: C:\Users\Israel\.stmcufinder\plugins\mcufinder\mcu\cs_comparisons_mx
2021-05-10 20:38:29,281 [INFO] MultiScanPanel:198 - Auto-refresh data requested => check proxy status ongoing
2021-05-10 20:38:29,297 [INFO] FinderPluginLoader:87 - Searching for filters in installed packs
2021-05-10 20:38:29,344 [INFO] FinderPluginLoader:100 - Found C:\Users\Israel\STM32Cube\Repository\Packs\STMicroelectronics\X-CUBE-AI\5.2.0\CubeMX\plugins\ip\ai.5.2.0.jar
2021-05-10 20:38:29,344 [INFO] FinderPluginLoader:100 - Found C:\Users\Israel\STM32Cube\Repository\Packs\STMicroelectronics\X-CUBE-AI\5.1.2\CubeMX\plugins\ip\ai.5.1.2.jar
2021-05-10 20:38:29,344 [INFO] FinderPluginLoader:100 - Found C:\Users\Israel\STM32Cube\Repository\Packs\STMicroelectronics\X-CUBE-AI\3.4.0\CubeMX\plugins\ip\ai.3.4.0.jar
2021-05-10 20:38:29,344 [INFO] FinderPluginLoader:110 - Loading ai.5.2.0
2021-05-10 20:38:31,296 [INFO] McuExtendedFiltersManager:90 - Add MCU extended filter: Artificial Intelligence
2021-05-10 20:38:31,312 [INFO] DbMcusXml:97 - Load MCU database from C:\ST\STM32CubeIDE_1.0.2\STM32CubeIDE\plugins\com.st.stm32cube.common.mx_6.1.1.202012091304\\db\/mcu/families.xml
2021-05-10 20:38:35,684 [INFO] DbMcusJson:92 - JSON generation date=Mon Feb 08 13:35:07 GMT 2021 (1612791307)
2021-05-10 20:38:38,785 [INFO] DbMcus:176 - Found 1835 MCUs (1796 are supported by CubeMX, 1804 are visible in CubeMX)
2021-05-10 20:38:38,814 [INFO] ApiDb:238 - Load user favorites file C:\Users\Israel/.stm32cubeide/favorites.mcus.txt: 0 item(s)
2021-05-10 20:38:38,815 [INFO] ApiDb:242 - User favorites MCUs=[]
2021-05-10 20:38:38,816 [INFO] DbMcus:188 - Set 0 / 0 favorites MCUs
2021-05-10 20:38:39,337 [INFO] AInterface:95 - AInterface using toolDir: C:/Users/Israel/STM32Cube/Repository//Packs/STMicroelectronics/X-CUBE-AI/5.2.0/Utilities/windows
2021-05-10 20:38:40,884 [INFO] DetailPanel:344 - Set advertising image to C:/Users/Israel/STM32Cube/Repository/\stm32cubemx-promo_image.jpg
2021-05-10 20:38:42,137 [INFO] McuFilterPanel:245 - Update 0 favorites MCUs
2021-05-10 20:38:42,406 [INFO] DbBoardsPdsc:91 - Found 24 items
2021-05-10 20:38:42,420 [INFO] DbBoardsPdsc:91 - Found 9 items
2021-05-10 20:38:42,447 [INFO] DbBoardsPdsc:91 - Found 32 items
2021-05-10 20:38:42,463 [INFO] DbBoardsPdsc:91 - Found 1 items
2021-05-10 20:38:42,513 [INFO] DbBoardsPdsc:91 - Found 45 items
2021-05-10 20:38:42,569 [INFO] DbBoardsPdsc:91 - Found 41 items
2021-05-10 20:38:42,581 [INFO] DbBoardsPdsc:91 - Found 2 items
2021-05-10 20:38:42,591 [INFO] DbBoardsPdsc:91 - Found 4 items
2021-05-10 20:38:42,604 [WARN] DbBoardsPdsc:255 - Board STM32H7B3I-DK: unknown feature type=Audio, name=, username=Audio stereo codec with Headphone Amp (CS42L51-CNZ), n=1
2021-05-10 20:38:42,605 [WARN] DbBoardsPdsc:255 - Board STM32H735G-DK: unknown feature type=Audio, name=, username=Audio stereo codec with Headphone Amp (WM8994ECS/R), n=1
2021-05-10 20:38:42,609 [WARN] DbBoardsPdsc:255 - Board STM32H7B3I-EVAL: unknown feature type=Audio, name=, username=Multi-Channel Audio Codec (CS42L51-CNZ), n=1
2021-05-10 20:38:42,610 [WARN] DbBoardsPdsc:255 - Board STM32H7B3I-EVAL: unknown feature type=Meter, name=, username=Power-metering and Temperature-monitoring with sigma-delta modulators, n=1
2021-05-10 20:38:42,611 [WARN] DbBoardsPdsc:255 - Board STM32H7B3I-EVAL: unknown feature type=Motor, name=, username=Motor Control, n=1
2021-05-10 20:38:42,761 [INFO] DbBoardsJson:85 - JSON generation date=Thu Feb 04 16:53:45 GMT 2021 (1612457625)
2021-05-10 20:38:42,779 [INFO] DbBoards:118 - Found 160 boards (155 are supported by CubeMX)
2021-05-10 20:38:42,841 [INFO] DbBoardsDocs:145 - JSON generation date=Mon Feb 08 13:35:07 GMT 2021 (1612791307)
2021-05-10 20:38:42,945 [INFO] DbBoardsDocs:81 - Found 193 boards documents
2021-05-10 20:38:42,946 [WARN] DbBoards:128 - board B-L462E-CELL1 has no document id list !
2021-05-10 20:38:42,947 [WARN] DbBoards:128 - board B-L475E-IOT01A2 has no document id list !
2021-05-10 20:38:42,950 [WARN] DbBoards:128 - board NUCLEO-G0B1RE has no document id list !
2021-05-10 20:38:42,951 [WARN] DbBoards:128 - board NUCLEO-H743ZI2 has no document id list !
2021-05-10 20:38:42,952 [WARN] DbBoards:128 - board NUCLEO-L4A6ZG has no document id list !
2021-05-10 20:38:42,953 [WARN] DbBoards:128 - board NUCLEO-WB55RG has no document id list !
2021-05-10 20:38:42,954 [WARN] DbBoards:128 - board NUCLEO-WL55JC1 has no document id list !
2021-05-10 20:38:42,954 [WARN] DbBoards:128 - board NUCLEO-WL55JC2 has no document id list !
2021-05-10 20:38:42,955 [WARN] DbBoards:128 - board P-NUCLEO-WB55-Nucleo has no document id list !
2021-05-10 20:38:42,955 [WARN] DbBoards:128 - board P-NUCLEO-WB55-USBDongle has no document id list !
2021-05-10 20:38:42,955 [WARN] DbBoards:128 - board STEVAL-BFA001V1B has no document id list !
2021-05-10 20:38:42,956 [WARN] DbBoards:128 - board STEVAL-BFA001V2B has no document id list !
2021-05-10 20:38:42,956 [WARN] DbBoards:128 - board STEVAL-IDP005V1 has no document id list !
2021-05-10 20:38:42,957 [WARN] DbBoards:128 - board STEVAL-IDP005V2 has no document id list !
2021-05-10 20:38:42,957 [WARN] DbBoards:128 - board STEVAL-MKSBOX1V1 has no document id list !
2021-05-10 20:38:42,957 [WARN] DbBoards:128 - board STEVAL-STWINKT1 has no document id list !
2021-05-10 20:38:42,958 [WARN] DbBoards:128 - board STEVAL-STWINKT1B has no document id list !
2021-05-10 20:38:42,960 [WARN] DbBoards:128 - board STM32F401C-DISCO has no document id list !
2021-05-10 20:38:42,964 [WARN] DbBoards:128 - board STM32F769I-DISC1 has no document id list !
2021-05-10 20:38:42,966 [WARN] DbBoards:128 - board STM32G0C1E-EV has no document id list !
2021-05-10 20:38:42,966 [WARN] DbBoards:128 - board STM32G474E-EVAL1 has no document id list !
2021-05-10 20:38:42,967 [WARN] DbBoards:128 - board STM32H743I-EVAL2 has no document id list !
2021-05-10 20:38:42,967 [WARN] DbBoards:128 - board STM32H747I-DISC1 has no document id list !
2021-05-10 20:38:42,969 [WARN] DbBoards:128 - board STM32H753I-EVAL2 has no document id list !
2021-05-10 20:38:42,970 [WARN] DbBoards:128 - board STM32L-DISCOVERY has no document id list !
2021-05-10 20:38:42,973 [WARN] DbBoards:128 - board STM32MP157A-DK1 has no document id list !
2021-05-10 20:38:42,973 [WARN] DbBoards:128 - board STM32MP157F-DK2 has no document id list !
2021-05-10 20:38:42,974 [WARN] DbBoards:128 - board STM32MP157F-EV1 has no document id list !
2021-05-10 20:38:44,663 [ERROR] DbBoards:190 - Image file not found for board NUCLEO-WL55JC: C:\ST\STM32CubeIDE_1.0.2\STM32CubeIDE\plugins\com.st.stm32cube.common.mx_6.1.1.202012091304\\db\/plugins/mcufinder/images/boards/nucleo-wl55jc-small.jpg
2021-05-10 20:38:45,441 [ERROR] DbBoards:190 - Image file not found for board STEVAL-STWINKT1B: C:\ST\STM32CubeIDE_1.0.2\STM32CubeIDE\plugins\com.st.stm32cube.common.mx_6.1.1.202012091304\\db\/plugins/mcufinder/images/boards/steval-stwinkt1b_small.jpg
2021-05-10 20:38:47,619 [ERROR] DbBoards:190 - Image file not found for board STM32H7B3I-EVAL: C:\ST\STM32CubeIDE_1.0.2\STM32CubeIDE\plugins\com.st.stm32cube.common.mx_6.1.1.202012091304\\db\/plugins/mcufinder/images/boards/stm32h7b3ieval_small.jpg
2021-05-10 20:38:48,425 [INFO] ApiDb:238 - Load user favorites file C:\Users\Israel/.stm32cubeide/favorites.boards.txt: 0 item(s)
2021-05-10 20:38:48,425 [INFO] ApiDb:242 - User favorites Boards=[]
2021-05-10 20:38:48,425 [INFO] DbBoards:207 - Set 0 / 0 favorites Boards
2021-05-10 20:39:55,599 [INFO] DbMcusDocs:145 - JSON generation date=Mon Feb 08 13:35:07 GMT 2021 (1612791307)
2021-05-10 20:39:56,561 [INFO] DbMcusDocs:81 - Found 617 MCUs documents
2021-05-10 20:40:31,252 [INFO] ApiDb:263 - Save user favorites file C:\Users\Israel/.stm32cubeide/favorites.mcus.txt: 0 item(s)
2021-05-10 20:40:31,254 [INFO] ApiDb:267 - User favorites MCUs=[]
2021-05-13 20:45:07,994 [INFO] Activator:170 - 


2021-05-13 20:45:07,994 [INFO] Activator:171 - !SESSION log4j initialized
2021-05-13 22:12:26,720 [INFO] Activator:170 - 


2021-05-13 22:12:26,720 [INFO] Activator:171 - !SESSION log4j initialized
2021-05-14 11:55:06,903 [INFO] Activator:170 - 


2021-05-14 11:55:06,903 [INFO] Activator:171 - !SESSION log4j initialized
2021-05-18 12:26:27,489 [INFO] Activator:170 - 


2021-05-18 12:26:27,505 [INFO] Activator:171 - !SESSION log4j initialized
2021-05-24 13:16:14,992 [INFO] Activator:170 - 


2021-05-24 13:16:14,992 [INFO] Activator:171 - !SESSION log4j initialized
2021-05-25 12:08:49,642 [INFO] Activator:170 - 


2021-05-25 12:08:49,642 [INFO] Activator:171 - !SESSION log4j initialized
2021-05-25 15:35:13,326 [INFO] Activator:170 - 


2021-05-25 15:35:13,326 [INFO] Activator:171 - !SESSION log4j initialized
2021-05-26 10:42:20,082 [INFO] Activator:170 - 


2021-05-26 10:42:20,098 [INFO] Activator:171 - !SESSION log4j initialized
2021-05-29 12:19:23,713 [INFO] Activator:170 - 


2021-05-29 12:19:23,713 [INFO] Activator:171 - !SESSION log4j initialized
2021-05-29 15:36:37,336 [INFO] Activator:170 - 


2021-05-29 15:36:37,336 [INFO] Activator:171 - !SESSION log4j initialized
2021-05-30 11:31:12,375 [INFO] Activator:170 - 


2021-05-30 11:31:12,391 [INFO] Activator:171 - !SESSION log4j initialized
2021-06-02 10:36:59,233 [INFO] Activator:170 - 


2021-06-02 10:36:59,248 [INFO] Activator:171 - !SESSION log4j initialized
2021-07-09 18:24:15,373 [INFO] Activator:170 - 


2021-07-09 18:24:15,373 [INFO] Activator:171 - !SESSION log4j initialized
2021-08-07 20:31:23,586 [INFO] Activator:170 - 


2021-08-07 20:31:23,586 [INFO] Activator:171 - !SESSION log4j initialized
